<?xml version="1.0" encoding="UTF-8"?>
<testng-results skipped="0" failed="0" ignored="0" total="1" passed="1">
  <reporter-output>
  </reporter-output>
  <suite name="Default suite" duration-ms="102316" started-at="2018-06-22T14:20:12Z" finished-at="2018-06-22T14:21:55Z">
    <groups>
    </groups>
    <test name="Default test" duration-ms="102316" started-at="2018-06-22T14:20:12Z" finished-at="2018-06-22T14:21:55Z">
      <class name="tests.Expedia">
        <test-method status="PASS" signature="setUp()[pri:0, instance:tests.Expedia@1f57539]" name="setUp" is-config="true" duration-ms="21779" started-at="2018-06-22T14:20:12Z" finished-at="2018-06-22T14:20:34Z">
          <reporter-output>
          </reporter-output>
        </test-method> <!-- setUp -->
        <test-method status="PASS" signature="hotelreservation()[pri:0, instance:tests.Expedia@1f57539]" name="hotelreservation" duration-ms="80470" started-at="2018-06-22T14:20:34Z" finished-at="2018-06-22T14:21:55Z">
          <reporter-output>
          </reporter-output>
        </test-method> <!-- hotelreservation -->
        <test-method status="PASS" signature="tearDown()[pri:0, instance:tests.Expedia@1f57539]" name="tearDown" is-config="true" duration-ms="1" started-at="2018-06-22T14:21:55Z" finished-at="2018-06-22T14:21:55Z">
          <reporter-output>
          </reporter-output>
        </test-method> <!-- tearDown -->
      </class> <!-- tests.Expedia -->
    </test> <!-- Default test -->
  </suite> <!-- Default suite -->
</testng-results>
